<?xml version="1.0" encoding="UTF-8"?>
<!-- Generated by org.testng.reporters.JUnitReportReporter -->
<testsuite hostname="RATZZ" failures="0" tests="1" name="testngassignments.Radiobuttons" time="7.367" errors="0" timestamp="2024-11-07T10:35:03 IST" skipped="0">
  <testcase classname="testngassignments.Radiobuttons" name="isdisplayed" time="7.367"/>
  <system-out/>
</testsuite> <!-- testngassignments.Radiobuttons -->
