<?xml version="1.0" encoding="UTF-8"?>
<!-- Generated by org.testng.reporters.JUnitReportReporter -->
<testsuite hostname="RATZZ" failures="0" tests="1" name="testngassignments.Dropdown" time="8.997" errors="0" timestamp="2024-11-07T10:41:28 IST" skipped="0">
  <testcase classname="testngassignments.Dropdown" name="value" time="8.997"/>
  <system-out/>
</testsuite> <!-- testngassignments.Dropdown -->
