<?xml version="1.0" encoding="UTF-8"?>
<!-- Generated by org.testng.reporters.JUnitReportReporter -->
<testsuite hostname="RATZZ" failures="0" tests="1" name="testngassignments.Checkbox" time="11.027" errors="0" timestamp="2024-11-08T01:07:17 IST" skipped="0">
  <testcase classname="testngassignments.Checkbox" name="click" time="11.027"/>
  <system-out/>
</testsuite> <!-- testngassignments.Checkbox -->
