<?xml version="1.0" encoding="UTF-8"?>
<!-- Generated by org.testng.reporters.JUnitReportReporter -->
<testsuite hostname="RATZZ" failures="0" tests="1" name="testngassignments.Alert" time="8.375" errors="0" timestamp="2024-11-07T10:09:04 IST" skipped="0">
  <testcase classname="testngassignments.Alert" name="prompt" time="8.375"/>
  <system-out/>
</testsuite> <!-- testngassignments.Alert -->
