<?xml version="1.0" encoding="UTF-8"?>
<!-- Generated by org.testng.reporters.JUnitReportReporter -->
<testsuite hostname="RATZZ" failures="0" tests="1" name="testscript.Assertion" time="7.375" errors="0" timestamp="2024-11-25T09:32:31 IST" skipped="0">
  <testcase classname="testscript.Assertion" name="asserttrue" time="7.375"/>
  <system-out/>
</testsuite> <!-- testscript.Assertion -->
