<?xml version="1.0" encoding="UTF-8"?>
<!-- Generated by org.testng.reporters.JUnitReportReporter -->
<testsuite hostname="RATZZ" failures="0" tests="1" name="testscript.JavaScriptExecuter" time="5.526" errors="0" timestamp="2024-11-04T12:10:04 IST" skipped="0">
  <testcase classname="testscript.JavaScriptExecuter" name="javascriptexecuter" time="5.526"/>
  <system-out/>
</testsuite> <!-- testscript.JavaScriptExecuter -->
