<?xml version="1.0" encoding="UTF-8"?>
<!-- Generated by org.testng.reporters.JUnitReportReporter -->
<testsuite hostname="RATZZ" failures="0" tests="1" name="testscript.Fileupload" time="5.212" errors="0" timestamp="2024-11-04T11:48:00 IST" skipped="0">
  <testcase classname="testscript.Fileupload" name="robotclass" time="5.212"/>
  <system-out/>
</testsuite> <!-- testscript.Fileupload -->
