<?xml version="1.0" encoding="UTF-8"?>
<!-- Generated by org.testng.reporters.JUnitReportReporter -->
<testsuite hostname="RATZZ" failures="0" tests="3" name="testscript.Testclass" time="0.013" errors="0" timestamp="2024-11-02T00:26:04 IST" skipped="0">
  <testcase classname="testscript.Testclass" name="sampel" time="0.010"/>
  <system-out/>
  <testcase classname="testscript.Testclass" name="test2" time="0.001"/>
  <system-out/>
  <testcase classname="testscript.Testclass" name="test3" time="0.002"/>
  <system-out/>
</testsuite> <!-- testscript.Testclass -->
