<?xml version="1.0" encoding="UTF-8"?>
<!-- Generated by org.testng.reporters.JUnitReportReporter -->
<testsuite hostname="RATZZ" failures="0" tests="1" name="testscript.Robotclass" time="6.495" errors="0" timestamp="2024-11-04T12:22:04 IST" skipped="0">
  <testcase classname="testscript.Robotclass" name="robotclass" time="6.495"/>
  <system-out/>
</testsuite> <!-- testscript.Robotclass -->
