<?xml version="1.0" encoding="UTF-8"?>
<!-- Generated by org.testng.reporters.JUnitReportReporter -->
<testsuite hostname="RATZZ" failures="0" tests="1" name="testscript.JavaScriptExecutor" time="6.863" errors="0" timestamp="2024-11-06T22:38:49 IST" skipped="0">
  <testcase classname="testscript.JavaScriptExecutor" name="javascriptexecutor" time="6.863"/>
  <system-out/>
</testsuite> <!-- testscript.JavaScriptExecutor -->
